[10.30 16:49:08] chrome.exe - proxy.cse.cuhk.edu.hk:5070 close, 1561 bytes (1.52 KB) sent, 472 bytes received, lifetime <1 sec
[10.30 16:49:08] chrome.exe - proxy.cse.cuhk.edu.hk:5070 open through proxy proxy.cse.cuhk.edu.hk:5070 HTTPS
[10.30 16:49:08] chrome.exe - proxy.cse.cuhk.edu.hk:5070 close, 436 bytes sent, 8613 bytes (8.41 KB) received, lifetime <1 sec
[10.30 16:49:08] chrome.exe - proxy.cse.cuhk.edu.hk:5070 close, 464 bytes sent, 1101 bytes (1.07 KB) received, lifetime <1 sec
[10.30 16:49:08] chrome.exe - proxy.cse.cuhk.edu.hk:5070 open through proxy proxy.cse.cuhk.edu.hk:5070 HTTPS
[10.30 16:49:08] chrome.exe - proxy.cse.cuhk.edu.hk:5070 open through proxy proxy.cse.cuhk.edu.hk:5070 HTTPS
[10.30 16:49:08] chrome.exe - proxy.cse.cuhk.edu.hk:5070 close, 1727 bytes (1.68 KB) sent, 14050 bytes (13.7 KB) received, lifetime <1 sec
[10.30 16:49:08] chrome.exe - proxy.cse.cuhk.edu.hk:5070 close, 1326 bytes (1.29 KB) sent, 10540 bytes (10.2 KB) received, lifetime 00:01
[10.30 16:49:08] chrome.exe - proxy.cse.cuhk.edu.hk:5070 close, 1761 bytes (1.71 KB) sent, 27951 bytes (27.2 KB) received, lifetime <1 sec
[10.30 16:49:08] chrome.exe - proxy.cse.cuhk.edu.hk:5070 close, 2430 bytes (2.37 KB) sent, 530823 bytes (518 KB) received, lifetime 00:02
[10.30 16:49:08] chrome.exe - proxy.cse.cuhk.edu.hk:5070 close, 1190 bytes (1.16 KB) sent, 1671 bytes (1.63 KB) received, lifetime 00:02
[10.30 16:49:08] chrome.exe - proxy.cse.cuhk.edu.hk:5070 open through proxy proxy.cse.cuhk.edu.hk:5070 HTTPS
[10.30 16:49:08] chrome.exe - proxy.cse.cuhk.edu.hk:5070 open through proxy proxy.cse.cuhk.edu.hk:5070 HTTPS
[10.30 16:49:08] chrome.exe - proxy.cse.cuhk.edu.hk:5070 open through proxy proxy.cse.cuhk.edu.hk:5070 HTTPS
[10.30 16:49:08] chrome.exe - proxy.cse.cuhk.edu.hk:5070 open through proxy proxy.cse.cuhk.edu.hk:5070 HTTPS
[10.30 16:49:08] chrome.exe - proxy.cse.cuhk.edu.hk:5070 open through proxy proxy.cse.cuhk.edu.hk:5070 HTTPS
[10.30 16:49:08] chrome.exe - proxy.cse.cuhk.edu.hk:5070 close, 0 bytes sent, 0 bytes received, lifetime <1 sec
[10.30 16:49:08] chrome.exe - proxy.cse.cuhk.edu.hk:5070 close, 0 bytes sent, 0 bytes received, lifetime <1 sec
[10.30 16:49:08] chrome.exe - proxy.cse.cuhk.edu.hk:5070 open through proxy proxy.cse.cuhk.edu.hk:5070 HTTPS
[10.30 16:49:08] chrome.exe - proxy.cse.cuhk.edu.hk:5070 open through proxy proxy.cse.cuhk.edu.hk:5070 HTTPS
[10.30 16:49:08] chrome.exe - proxy.cse.cuhk.edu.hk:5070 close, 1194 bytes (1.16 KB) sent, 2221 bytes (2.16 KB) received, lifetime <1 sec
[10.30 16:49:08] chrome.exe - proxy.cse.cuhk.edu.hk:5070 close, 1095 bytes (1.06 KB) sent, 1004 bytes received, lifetime <1 sec
[10.30 16:49:09] chrome.exe - proxy.cse.cuhk.edu.hk:5070 open through proxy proxy.cse.cuhk.edu.hk:5070 HTTPS
[10.30 16:49:09] chrome.exe - proxy.cse.cuhk.edu.hk:5070 open through proxy proxy.cse.cuhk.edu.hk:5070 HTTPS
[10.30 16:49:09] chrome.exe - proxy.cse.cuhk.edu.hk:5070 close, 1165 bytes (1.13 KB) sent, 3098 bytes (3.02 KB) received, lifetime 00:01
[10.30 16:49:09] chrome.exe - proxy.cse.cuhk.edu.hk:5070 close, 1165 bytes (1.13 KB) sent, 2693 bytes (2.62 KB) received, lifetime <1 sec
[10.30 16:49:09] chrome.exe - proxy.cse.cuhk.edu.hk:5070 close, 1159 bytes (1.13 KB) sent, 2345 bytes (2.29 KB) received, lifetime <1 sec
[10.30 16:49:09] chrome.exe - proxy.cse.cuhk.edu.hk:5070 open through proxy proxy.cse.cuhk.edu.hk:5070 HTTPS
[10.30 16:49:09] chrome.exe - proxy.cse.cuhk.edu.hk:5070 open through proxy proxy.cse.cuhk.edu.hk:5070 HTTPS
[10.30 16:49:09] chrome.exe - proxy.cse.cuhk.edu.hk:5070 close, 1165 bytes (1.13 KB) sent, 2273 bytes (2.21 KB) received, lifetime <1 sec
[10.30 16:49:09] chrome.exe - proxy.cse.cuhk.edu.hk:5070 open through proxy proxy.cse.cuhk.edu.hk:5070 HTTPS
[10.30 16:49:09] chrome.exe - proxy.cse.cuhk.edu.hk:5070 close, 2199 bytes (2.14 KB) sent, 3144 bytes (3.07 KB) received, lifetime 00:01
[10.30 16:49:09] chrome.exe - proxy.cse.cuhk.edu.hk:5070 close, 383 bytes sent, 533 bytes received, lifetime 00:01
[10.30 16:49:09] chrome.exe - proxy.cse.cuhk.edu.hk:5070 close, 1165 bytes (1.13 KB) sent, 815 bytes received, lifetime <1 sec
[10.30 16:49:09] chrome.exe - proxy.cse.cuhk.edu.hk:5070 open through proxy proxy.cse.cuhk.edu.hk:5070 HTTPS
[10.30 16:49:09] chrome.exe - proxy.cse.cuhk.edu.hk:5070 open through proxy proxy.cse.cuhk.edu.hk:5070 HTTPS
[10.30 16:49:09] chrome.exe - proxy.cse.cuhk.edu.hk:5070 open through proxy proxy.cse.cuhk.edu.hk:5070 HTTPS
[10.30 16:49:09] chrome.exe - proxy.cse.cuhk.edu.hk:5070 open through proxy proxy.cse.cuhk.edu.hk:5070 HTTPS
[10.30 16:49:09] chrome.exe - proxy.cse.cuhk.edu.hk:5070 close, 1078 bytes (1.05 KB) sent, 30800 bytes (30.0 KB) received, lifetime <1 sec
[10.30 16:49:09] chrome.exe - proxy.cse.cuhk.edu.hk:5070 close, 1165 bytes (1.13 KB) sent, 1430 bytes (1.39 KB) received, lifetime <1 sec
[10.30 16:49:09] chrome.exe - proxy.cse.cuhk.edu.hk:5070 close, 1095 bytes (1.06 KB) sent, 35827 bytes (34.9 KB) received, lifetime <1 sec
[10.30 16:49:09] chrome.exe - proxy.cse.cuhk.edu.hk:5070 open through proxy proxy.cse.cuhk.edu.hk:5070 HTTPS
[10.30 16:49:09] chrome.exe - proxy.cse.cuhk.edu.hk:5070 open through proxy proxy.cse.cuhk.edu.hk:5070 HTTPS
[10.30 16:49:09] chrome.exe - proxy.cse.cuhk.edu.hk:5070 close, 2136 bytes (2.08 KB) sent, 12629 bytes (12.3 KB) received, lifetime <1 sec
[10.30 16:49:09] chrome.exe - proxy.cse.cuhk.edu.hk:5070 close, 1165 bytes (1.13 KB) sent, 1437 bytes (1.40 KB) received, lifetime <1 sec
[10.30 16:49:09] chrome.exe - proxy.cse.cuhk.edu.hk:5070 close, 1165 bytes (1.13 KB) sent, 790 bytes received, lifetime <1 sec
[10.30 16:49:09] chrome.exe - proxy.cse.cuhk.edu.hk:5070 open through proxy proxy.cse.cuhk.edu.hk:5070 HTTPS
[10.30 16:49:09] chrome.exe - proxy.cse.cuhk.edu.hk:5070 open through proxy proxy.cse.cuhk.edu.hk:5070 HTTPS
[10.30 16:49:09] chrome.exe - proxy.cse.cuhk.edu.hk:5070 open through proxy proxy.cse.cuhk.edu.hk:5070 HTTPS
[10.30 16:49:09] chrome.exe - proxy.cse.cuhk.edu.hk:5070 close, 0 bytes sent, 0 bytes received, lifetime 00:01
[10.30 16:49:09] chrome.exe - proxy.cse.cuhk.edu.hk:5070 close, 0 bytes sent, 0 bytes received, lifetime 00:01
[10.30 16:49:09] chrome.exe - proxy.cse.cuhk.edu.hk:5070 open through proxy proxy.cse.cuhk.edu.hk:5070 HTTPS
[10.30 16:49:09] chrome.exe - proxy.cse.cuhk.edu.hk:5070 open through proxy proxy.cse.cuhk.edu.hk:5070 HTTPS
[10.30 16:49:09] chrome.exe - proxy.cse.cuhk.edu.hk:5070 open through proxy proxy.cse.cuhk.edu.hk:5070 HTTPS
[10.30 16:49:09] chrome.exe - proxy.cse.cuhk.edu.hk:5070 close, 1078 bytes (1.05 KB) sent, 942 bytes received, lifetime <1 sec
[10.30 16:49:09] chrome.exe - proxy.cse.cuhk.edu.hk:5070 close, 426 bytes sent, 4377 bytes (4.27 KB) received, lifetime 00:02
[10.30 16:49:09] chrome.exe - proxy.cse.cuhk.edu.hk:5070 close, 425 bytes sent, 42790 bytes (41.7 KB) received, lifetime 00:02
[10.30 16:49:09] chrome.exe - proxy.cse.cuhk.edu.hk:5070 close, 874 bytes sent, 9720 bytes (9.49 KB) received, lifetime 00:02
[10.30 16:49:09] chrome.exe - proxy.cse.cuhk.edu.hk:5070 close, 852 bytes sent, 11218 bytes (10.9 KB) received, lifetime 00:02
[10.30 16:49:09] chrome.exe - proxy.cse.cuhk.edu.hk:5070 close, 1165 bytes (1.13 KB) sent, 782 bytes received, lifetime <1 sec
[10.30 16:49:09] chrome.exe - proxy.cse.cuhk.edu.hk:5070 close, 1165 bytes (1.13 KB) sent, 783 bytes received, lifetime <1 sec
[10.30 16:49:09] chrome.exe - proxy.cse.cuhk.edu.hk:5070 open through proxy proxy.cse.cuhk.edu.hk:5070 HTTPS
[10.30 16:49:09] chrome.exe - proxy.cse.cuhk.edu.hk:5070 open through proxy proxy.cse.cuhk.edu.hk:5070 HTTPS
[10.30 16:49:09] chrome.exe - proxy.cse.cuhk.edu.hk:5070 open through proxy proxy.cse.cuhk.edu.hk:5070 HTTPS
[10.30 16:49:09] chrome.exe - proxy.cse.cuhk.edu.hk:5070 open through proxy proxy.cse.cuhk.edu.hk:5070 HTTPS
[10.30 16:49:09] chrome.exe - proxy.cse.cuhk.edu.hk:5070 open through proxy proxy.cse.cuhk.edu.hk:5070 HTTPS
[10.30 16:49:09] chrome.exe - proxy.cse.cuhk.edu.hk:5070 open through proxy proxy.cse.cuhk.edu.hk:5070 HTTPS
[10.30 16:49:09] chrome.exe - proxy.cse.cuhk.edu.hk:5070 close, 501 bytes sent, 530 bytes received, lifetime <1 sec
[10.30 16:49:09] chrome.exe - proxy.cse.cuhk.edu.hk:5070 close, 850 bytes sent, 10547 bytes (10.2 KB) received, lifetime 00:02
[10.30 16:49:09] chrome.exe - proxy.cse.cuhk.edu.hk:5070 close, 850 bytes sent, 45025 bytes (43.9 KB) received, lifetime 00:02
[10.30 16:49:09] chrome.exe - proxy.cse.cuhk.edu.hk:5070 close, 971 bytes sent, 1230 bytes (1.20 KB) received, lifetime 00:01
[10.30 16:49:09] chrome.exe - proxy.cse.cuhk.edu.hk:5070 close, 599 bytes sent, 248 bytes received, lifetime <1 sec
[10.30 16:49:09] chrome.exe - proxy.cse.cuhk.edu.hk:5070 close, 5955 bytes (5.81 KB) sent, 44014 bytes (42.9 KB) received, lifetime 00:03
[10.30 16:49:09] chrome.exe - proxy.cse.cuhk.edu.hk:5070 close, 408 bytes sent, 421 bytes received, lifetime 00:03
[10.30 16:49:09] chrome.exe - proxy.cse.cuhk.edu.hk:5070 close, 865 bytes sent, 6970 bytes (6.80 KB) received, lifetime 00:03
[10.30 16:49:09] chrome.exe - proxy.cse.cuhk.edu.hk:5070 close, 1728 bytes (1.68 KB) sent, 27176 bytes (26.5 KB) received, lifetime 00:03
[10.30 16:49:09] chrome.exe - proxy.cse.cuhk.edu.hk:5070 close, 418 bytes sent, 0 bytes received, lifetime <1 sec
[10.30 16:49:09] chrome.exe - proxy.cse.cuhk.edu.hk:5070 close, 1165 bytes (1.13 KB) sent, 0 bytes received, lifetime <1 sec
[10.30 16:49:09] chrome.exe - proxy.cse.cuhk.edu.hk:5070 close, 1206 bytes (1.17 KB) sent, 0 bytes received, lifetime <1 sec
[10.30 16:49:09] chrome.exe - proxy.cse.cuhk.edu.hk:5070 close, 1165 bytes (1.13 KB) sent, 0 bytes received, lifetime <1 sec
[10.30 16:49:09] chrome.exe - proxy.cse.cuhk.edu.hk:5070 close, 1165 bytes (1.13 KB) sent, 0 bytes received, lifetime <1 sec
[10.30 16:49:09] chrome.exe - proxy.cse.cuhk.edu.hk:5070 close, 1165 bytes (1.13 KB) sent, 0 bytes received, lifetime <1 sec
[10.30 16:49:09] chrome.exe - proxy.cse.cuhk.edu.hk:5070 close, 1121 bytes (1.09 KB) sent, 0 bytes received, lifetime 00:01
[10.30 16:49:09] chrome.exe - proxy.cse.cuhk.edu.hk:5070 close, 1165 bytes (1.13 KB) sent, 0 bytes received, lifetime <1 sec
[10.30 16:49:09] chrome.exe - proxy.cse.cuhk.edu.hk:5070 open through proxy proxy.cse.cuhk.edu.hk:5070 HTTPS
[10.30 16:49:09] chrome.exe - proxy.cse.cuhk.edu.hk:5070 open through proxy proxy.cse.cuhk.edu.hk:5070 HTTPS
[10.30 16:49:09] chrome.exe - proxy.cse.cuhk.edu.hk:5070 open through proxy proxy.cse.cuhk.edu.hk:5070 HTTPS
[10.30 16:49:09] chrome.exe - proxy.cse.cuhk.edu.hk:5070 open through proxy proxy.cse.cuhk.edu.hk:5070 HTTPS
[10.30 16:49:09] chrome.exe - proxy.cse.cuhk.edu.hk:5070 open through proxy proxy.cse.cuhk.edu.hk:5070 HTTPS
[10.30 16:49:09] chrome.exe - proxy.cse.cuhk.edu.hk:5070 open through proxy proxy.cse.cuhk.edu.hk:5070 HTTPS
[10.30 16:49:09] chrome.exe - proxy.cse.cuhk.edu.hk:5070 open through proxy proxy.cse.cuhk.edu.hk:5070 HTTPS
[10.30 16:49:09] chrome.exe - proxy.cse.cuhk.edu.hk:5070 open through proxy proxy.cse.cuhk.edu.hk:5070 HTTPS
[10.30 16:49:09] chrome.exe - proxy.cse.cuhk.edu.hk:5070 open through proxy proxy.cse.cuhk.edu.hk:5070 HTTPS
[10.30 16:49:09] chrome.exe - proxy.cse.cuhk.edu.hk:5070 open through proxy proxy.cse.cuhk.edu.hk:5070 HTTPS
[10.30 16:49:09] chrome.exe - proxy.cse.cuhk.edu.hk:5070 open through proxy proxy.cse.cuhk.edu.hk:5070 HTTPS
[10.30 16:49:09] chrome.exe - proxy.cse.cuhk.edu.hk:5070 open through proxy proxy.cse.cuhk.edu.hk:5070 HTTPS
[10.30 16:49:09] chrome.exe - proxy.cse.cuhk.edu.hk:5070 open through proxy proxy.cse.cuhk.edu.hk:5070 HTTPS
[10.30 16:49:09] chrome.exe - proxy.cse.cuhk.edu.hk:5070 open through proxy proxy.cse.cuhk.edu.hk:5070 HTTPS
[10.30 16:49:09] chrome.exe - proxy.cse.cuhk.edu.hk:5070 open through proxy proxy.cse.cuhk.edu.hk:5070 HTTPS
[10.30 16:49:09] chrome.exe - proxy.cse.cuhk.edu.hk:5070 close, 0 bytes sent, 0 bytes received, lifetime <1 sec